<?xml version="1.0" encoding="UTF-8"?>
<testng-results ignored="0" total="1" passed="1" failed="0" skipped="0">
  <reporter-output>
  </reporter-output>
  <suite started-at="2021-12-08T22:40:37 EST" name="Default suite" finished-at="2021-12-08T22:40:56 EST" duration-ms="18905">
    <groups>
    </groups>
    <test started-at="2021-12-08T22:40:37 EST" name="Default test" finished-at="2021-12-08T22:40:56 EST" duration-ms="18905">
      <class name="PageObjectModel.SignInAmazon1">
        <test-method is-config="true" signature="beforeMethod()[pri:0, instance:PageObjectModel.SignInAmazon1@3a6bb9bf]" started-at="2021-12-08T22:40:37 EST" name="beforeMethod" finished-at="2021-12-08T22:40:39 EST" duration-ms="2161" status="PASS">
          <reporter-output>
          </reporter-output>
        </test-method> <!-- beforeMethod -->
        <test-method signature="f()[pri:0, instance:PageObjectModel.SignInAmazon1@3a6bb9bf]" started-at="2021-12-08T22:40:39 EST" name="f" finished-at="2021-12-08T22:40:56 EST" duration-ms="16720" status="PASS">
          <reporter-output>
          </reporter-output>
        </test-method> <!-- f -->
        <test-method is-config="true" signature="afterMethod()[pri:0, instance:PageObjectModel.SignInAmazon1@3a6bb9bf]" started-at="2021-12-08T22:40:56 EST" name="afterMethod" finished-at="2021-12-08T22:40:56 EST" duration-ms="1" status="PASS">
          <reporter-output>
          </reporter-output>
        </test-method> <!-- afterMethod -->
      </class> <!-- PageObjectModel.SignInAmazon1 -->
    </test> <!-- Default test -->
  </suite> <!-- Default suite -->
</testng-results>
